[2017-05-10 16:23:32] START
[2017-05-10 16:28:28] EDIT Cruisership/views/default/index.html: 2431
[2017-05-10 16:30:53] EDIT Cruisership/controllers/default.py: 0
[2017-05-10 16:34:36] EDIT Cruisership/views/default/index.html: -2373
[2017-05-10 16:37:20] EDIT Cruisership/views/default/index.html: 900
[2017-05-10 16:49:39] EDIT Cruisership/views/default/index.html: 0
[2017-05-10 16:49:56] EDIT Cruisership/views/default/index.html: 0
[2017-05-10 16:54:23] EDIT Cruisership/views/default/index.html: 0
[2017-05-10 16:56:05] EDIT Cruisership/views/default/index.html: 0
[2017-05-10 16:56:07] EDIT Cruisership/views/default/index.html: 0
[2017-05-10 16:57:56] EDIT Cruisership/views/default/index.html: 0
[2017-05-10 17:05:35] EDIT Cruisership/views/default/index.html: 0
[2017-05-10 17:16:21] EDIT Cruisership/views/default/index.html: 0
[2017-05-10 17:18:03] EDIT Cruisership/views/default/index.html: 0
[2017-05-10 17:19:09] EDIT Cruisership/views/default/index.html: 0
[2017-05-10 17:23:55] EDIT Cruisership/views/default/index.html: 0
[2017-05-10 17:37:26] EDIT Cruisership/controllers/default.py: 9
[2017-05-10 17:42:37] EDIT Cruisership/views/default/search.html: 0
[2017-05-19 16:24:11] EDIT Cruisership/models/db.py: -3
[2017-05-19 17:26:49] EDIT Cruisership/models/db.py: 0
[2017-05-19 17:27:44] EDIT Cruisership/models/db.py: 1
[2017-05-19 17:30:18] EDIT Cruisership/models/db.py: -1
[2017-05-19 17:34:26] EDIT Cruisership/controllers/default.py: 1
[2017-05-19 17:45:01] EDIT Cruisership/controllers/default.py: 4
[2017-05-19 17:46:55] EDIT Cruisership/controllers/default.py: 0
[2017-05-19 17:47:07] EDIT Cruisership/controllers/default.py: 0
[2017-05-19 17:47:32] EDIT Cruisership/controllers/default.py: 0
[2017-05-19 18:34:21] EDIT Cruisership/controllers/default.py: 0
[2017-05-23 12:53:36] EDIT Cruisership/models/db.py: -1
[2017-05-23 12:55:15] EDIT Cruisership/models/db.py: 1
[2017-05-23 12:57:10] EDIT Cruisership/views/default/index.html: 0
[2017-05-23 12:57:22] EDIT Cruisership/views/default/index.html: 0
[2017-05-23 12:58:55] EDIT Cruisership/views/default/index.html: 0
[2017-05-23 12:59:24] EDIT Cruisership/views/default/index.html: 0
[2017-05-23 12:59:37] EDIT Cruisership/views/default/index.html: 0
[2017-05-23 13:01:54] EDIT Cruisership/views/default/index.html: 0
[2017-05-23 14:47:08] EDIT Cruisership/controllers/default.py: 2
[2017-05-23 14:47:35] EDIT Cruisership/controllers/default.py: -1
[2017-05-23 14:47:46] EDIT Cruisership/controllers/default.py: 0
[2017-05-23 14:48:55] EDIT Cruisership/controllers/default.py: 0
[2017-05-23 14:49:14] EDIT Cruisership/controllers/default.py: 0
[2017-05-23 14:49:56] EDIT Cruisership/controllers/default.py: -1
[2017-05-23 14:50:02] EDIT Cruisership/controllers/default.py: 1
[2017-05-23 14:50:43] EDIT Cruisership/controllers/default.py: 1
[2017-05-23 14:51:10] EDIT Cruisership/controllers/default.py: 0
[2017-05-23 14:51:16] EDIT Cruisership/controllers/default.py: 0
[2017-05-23 14:51:39] EDIT Cruisership/controllers/default.py: 0
[2017-05-23 14:52:47] EDIT Cruisership/controllers/default.py: 0
[2017-05-23 15:12:31] EDIT Cruisership/views/default/search.html: 1
[2017-05-23 15:32:04] EDIT Cruisership/views/default/search.html: 0
[2017-05-23 15:32:20] EDIT Cruisership/views/default/search.html: 0
[2017-05-23 15:32:43] EDIT Cruisership/views/default/search.html: 0
